<?xml version="1.0" encoding="UTF-8"?>
<testng-results ignored="0" total="6" passed="6" failed="0" skipped="0">
  <reporter-output>
  </reporter-output>
  <suite started-at="2022-12-13T20:34:20 IST" name="Suite" finished-at="2022-12-13T20:34:21 IST" duration-ms="159">
    <groups>
    </groups>
    <test started-at="2022-12-13T20:34:20 IST" name="Admission" finished-at="2022-12-13T20:34:21 IST" duration-ms="51">
      <class name="com.com.GenerateReport.FirstClass">
        <test-method signature="AdmissionLogin()[pri:0, instance:com.com.GenerateReport.FirstClass@48aaecc3]" started-at="2022-12-13T20:34:20 IST" name="AdmissionLogin" finished-at="2022-12-13T20:34:21 IST" duration-ms="10" status="PASS">
          <reporter-output>
          </reporter-output>
        </test-method> <!-- AdmissionLogin -->
        <test-method signature="StudentLogin()[pri:0, instance:com.com.GenerateReport.FirstClass@48aaecc3]" started-at="2022-12-13T20:34:21 IST" name="StudentLogin" finished-at="2022-12-13T20:34:21 IST" duration-ms="1" status="PASS">
          <reporter-output>
          </reporter-output>
        </test-method> <!-- StudentLogin -->
      </class> <!-- com.com.GenerateReport.FirstClass -->
    </test> <!-- Admission -->
    <test started-at="2022-12-13T20:34:21 IST" name="Teacher" finished-at="2022-12-13T20:34:21 IST" duration-ms="16">
      <class name="com.com.GenerateReport.SecondClass">
        <test-method signature="FeesPayment()[pri:0, instance:com.com.GenerateReport.SecondClass@1139b2f3]" started-at="2022-12-13T20:34:21 IST" name="FeesPayment" finished-at="2022-12-13T20:34:21 IST" duration-ms="2" status="PASS">
          <reporter-output>
          </reporter-output>
        </test-method> <!-- FeesPayment -->
        <test-method signature="TeacherLogin()[pri:0, instance:com.com.GenerateReport.SecondClass@1139b2f3]" started-at="2022-12-13T20:34:21 IST" name="TeacherLogin" finished-at="2022-12-13T20:34:21 IST" duration-ms="2" status="PASS">
          <reporter-output>
          </reporter-output>
        </test-method> <!-- TeacherLogin -->
      </class> <!-- com.com.GenerateReport.SecondClass -->
    </test> <!-- Teacher -->
    <test started-at="2022-12-13T20:34:21 IST" name="Exam" finished-at="2022-12-13T20:34:21 IST" duration-ms="15">
      <class name="com.com.GenerateReport.ThirdClass">
        <test-method signature="ExamLogin()[pri:0, instance:com.com.GenerateReport.ThirdClass@50b472aa]" started-at="2022-12-13T20:34:21 IST" name="ExamLogin" finished-at="2022-12-13T20:34:21 IST" duration-ms="3" status="PASS">
          <reporter-output>
          </reporter-output>
        </test-method> <!-- ExamLogin -->
        <test-method signature="Result()[pri:0, instance:com.com.GenerateReport.ThirdClass@50b472aa]" started-at="2022-12-13T20:34:21 IST" name="Result" finished-at="2022-12-13T20:34:21 IST" duration-ms="2" status="PASS">
          <reporter-output>
          </reporter-output>
        </test-method> <!-- Result -->
      </class> <!-- com.com.GenerateReport.ThirdClass -->
    </test> <!-- Exam -->
  </suite> <!-- Suite -->
</testng-results>
