<?xml version="1.0" encoding="UTF-8"?>
<!-- Generated by org.testng.reporters.JUnitXMLReporter -->
<testsuite ignored="0" hostname="RAJRATNAA" failures="0" tests="6" name="Default test" time="0.164" errors="0" timestamp="2022-12-13T20:25:28 IST">
  <testcase classname="com.com.GenerateReport.ThirdClass" name="ExamLogin" time="0.026"/>
  <testcase classname="com.com.GenerateReport.ThirdClass" name="Result" time="0.003"/>
  <testcase classname="com.com.GenerateReport.SecondClass" name="FeesPayment" time="0.001"/>
  <testcase classname="com.com.GenerateReport.SecondClass" name="TeacherLogin" time="0.001"/>
  <testcase classname="com.com.GenerateReport.FirstClass" name="AdmissionLogin" time="0.006"/>
  <testcase classname="com.com.GenerateReport.FirstClass" name="StudentLogin" time="0.009"/>
</testsuite> <!-- Default test -->
